<?xml version="1.0" encoding="UTF-8"?>
<!-- Generated by org.testng.reporters.JUnitReportReporter -->
<testsuite hostname="LAPTOP-V381QID5" failures="0" tests="2" name="tests.LoginTest" time="3.919" errors="0" timestamp="2025-06-22T23:04:45 IST" skipped="0">
  <testcase classname="tests.LoginTest" name="testLogin" time="3.479"/>
  <testcase classname="tests.LoginTest" name="testLogin2" time="0.440"/>
</testsuite> <!-- tests.LoginTest -->
